<?xml version="1.0" encoding="UTF-8"?>
<!-- Generated by org.testng.reporters.JUnitXMLReporter -->
<testsuite hostname="Sumit" ignored="0" name="Test" tests="22" failures="1" timestamp="2020-05-08T17:24:29 IST" time="97.422" errors="0">
  <testcase name="createData" time="3.069" classname="com.API_Testing.TestCasesScripts.TC_01_PostMethods"/>
  <testcase name="createData" time="0.053" classname="com.API_Testing.TestCasesScripts.TC_01_PostMethods"/>
  <testcase name="getIDData" time="0.105" classname="com.API_Testing.TestCasesScripts.TC_02_GetPerticulerIddata"/>
  <testcase name="createData" time="0.049" classname="com.API_Testing.TestCasesScripts.TC_01_PostMethods"/>
  <testcase name="getIDData" time="0.031" classname="com.API_Testing.TestCasesScripts.TC_02_GetPerticulerIddata"/>
  <testcase name="updateRecord" time="0.03" classname="com.API_Testing.TestCasesScripts.TC_03_PUTRequest"/>
  <testcase name="createData" time="0.032" classname="com.API_Testing.TestCasesScripts.TC_01_PostMethods"/>
  <testcase name="getIDData" time="0.023" classname="com.API_Testing.TestCasesScripts.TC_02_GetPerticulerIddata"/>
  <testcase name="updateRecord" time="0.026" classname="com.API_Testing.TestCasesScripts.TC_03_PUTRequest"/>
  <testcase name="updateSpecificData" time="0.027" classname="com.API_Testing.TestCasesScripts.TC_04_PatchRequest"/>
  <testcase name="createData" time="0.038" classname="com.API_Testing.TestCasesScripts.TC_01_PostMethods"/>
  <testcase name="getIDData" time="0.018" classname="com.API_Testing.TestCasesScripts.TC_02_GetPerticulerIddata"/>
  <testcase name="updateRecord" time="0.041" classname="com.API_Testing.TestCasesScripts.TC_03_PUTRequest"/>
  <testcase name="updateSpecificData" time="0.02" classname="com.API_Testing.TestCasesScripts.TC_04_PatchRequest"/>
  <testcase name="deleteData" time="0.022" classname="com.API_Testing.TestCasesScripts.TC_05_DeleteRequestData"/>
  <testcase name="getAllRecords" time="0.049" classname="com.API_Testing.TestCasesScripts.TC_06_GetALLData"/>
  <testcase name="replaceVarialbes" time="9.533" classname="com.API_Testing.TestCasesScripts.TC_07_ReplaceDynamicjSonVarialbles"/>
  <testcase name="fetchValuedata" time="0.005" classname="com.API_Testing.TestCasesScripts.TC_08_GetDatabyKey"/>
  <testcase name="comparetoJson" time="0.013" classname="com.API_Testing.TestCasesScripts.TC_09CompareJSonTwoFile"/>
  <testcase name="pojoPostTest" time="0.024" classname="com.API_Testing.TestCasesScripts.TC_10_PostDataUsingPojo"/>
  <testcase name="addValueExsitingData" time="0.004" classname="com.API_Testing.TestCasesScripts.TC_11_AddValueInExsitingData"/>
  <testcase name="generateRecordOnGitServer" time="84.041" classname="com.API_Testing.TestCasesScripts.TC_12_CheckGitHubServer">
    <failure type="java.net.ConnectException" message="Connection timed out: connect">
      <![CDATA[java.net.ConnectException: Connection timed out: connect
at java.net.DualStackPlainSocketImpl.connect0(Native Method)
at java.net.DualStackPlainSocketImpl.socketConnect(Unknown Source)
at java.net.AbstractPlainSocketImpl.doConnect(Unknown Source)
at java.net.AbstractPlainSocketImpl.connectToAddress(Unknown Source)
at java.net.AbstractPlainSocketImpl.connect(Unknown Source)
at java.net.PlainSocketImpl.connect(Unknown Source)
at java.net.SocksSocketImpl.connect(Unknown Source)
at java.net.Socket.connect(Unknown Source)
at org.apache.http.conn.ssl.SSLSocketFactory.connectSocket(SSLSocketFactory.java:542)
at org.apache.http.conn.ssl.SSLSocketFactory.connectSocket(SSLSocketFactory.java:414)
at org.apache.http.impl.conn.DefaultClientConnectionOperator.openConnection(DefaultClientConnectionOperator.java:180)
at org.apache.http.impl.conn.ManagedClientConnectionImpl.open(ManagedClientConnectionImpl.java:326)
at org.apache.http.impl.client.DefaultRequestDirector.tryConnect(DefaultRequestDirector.java:610)
at org.apache.http.impl.client.DefaultRequestDirector.execute(DefaultRequestDirector.java:445)
at org.apache.http.impl.client.AbstractHttpClient.doExecute(AbstractHttpClient.java:835)
at org.apache.http.impl.client.CloseableHttpClient.execute(CloseableHttpClient.java:83)
at org.apache.http.impl.client.CloseableHttpClient.execute(CloseableHttpClient.java:56)
at org.apache.http.client.HttpClient$execute$0.call(Unknown Source)
at io.restassured.internal.RequestSpecificationImpl$RestAssuredHttpBuilder.doRequest(RequestSpecificationImpl.groovy:2055)
at io.restassured.internal.http.HTTPBuilder.post(HTTPBuilder.java:349)
at io.restassured.internal.http.HTTPBuilder$post$2.call(Unknown Source)
at io.restassured.internal.RequestSpecificationImpl.sendRequest(RequestSpecificationImpl.groovy:1180)
at groovy.lang.MetaMethod.doMethodInvoke(MetaMethod.java:323)
at groovy.lang.MetaClassImpl.invokeMethod(MetaClassImpl.java:1217)
at groovy.lang.MetaClassImpl.invokeMethod(MetaClassImpl.java:1041)
at groovy.lang.MetaClassImpl.invokeMethod(MetaClassImpl.java:821)
at io.restassured.internal.RequestSpecificationImpl.invokeMethod(RequestSpecificationImpl.groovy)
at org.codehaus.groovy.runtime.callsite.PogoInterceptableSite.call(PogoInterceptableSite.java:45)
at org.codehaus.groovy.runtime.callsite.AbstractCallSite.call(AbstractCallSite.java:151)
at io.restassured.internal.filter.SendRequestFilter.filter(SendRequestFilter.groovy:30)
at io.restassured.filter.Filter$filter$0.call(Unknown Source)
at org.codehaus.groovy.runtime.callsite.CallSiteArray.defaultCall(CallSiteArray.java:47)
at io.restassured.filter.Filter$filter.call(Unknown Source)
at io.restassured.internal.filter.FilterContextImpl.next(FilterContextImpl.groovy:72)
at io.restassured.filter.time.TimingFilter.filter(TimingFilter.java:56)
at io.restassured.filter.Filter$filter.call(Unknown Source)
at org.codehaus.groovy.runtime.callsite.CallSiteArray.defaultCall(CallSiteArray.java:47)
at io.restassured.filter.Filter$filter$0.call(Unknown Source)
at io.restassured.internal.filter.FilterContextImpl.next(FilterContextImpl.groovy:72)
at io.restassured.filter.FilterContext$next.call(Unknown Source)
at io.restassured.internal.RequestSpecificationImpl.applyPathParamsAndSendRequest(RequestSpecificationImpl.groovy:1655)
at groovy.lang.MetaMethod.doMethodInvoke(MetaMethod.java:323)
at groovy.lang.MetaClassImpl.invokeMethod(MetaClassImpl.java:1217)
at groovy.lang.MetaClassImpl.invokeMethod(MetaClassImpl.java:1041)
at groovy.lang.MetaClassImpl.invokeMethod(MetaClassImpl.java:821)
at io.restassured.internal.RequestSpecificationImpl.invokeMethod(RequestSpecificationImpl.groovy)
at org.codehaus.groovy.runtime.callsite.PogoInterceptableSite.call(PogoInterceptableSite.java:45)
at org.codehaus.groovy.runtime.callsite.PogoInterceptableSite.callCurrent(PogoInterceptableSite.java:55)
at org.codehaus.groovy.runtime.callsite.AbstractCallSite.callCurrent(AbstractCallSite.java:184)
at io.restassured.internal.RequestSpecificationImpl.applyPathParamsAndSendRequest(RequestSpecificationImpl.groovy:1661)
at groovy.lang.MetaMethod.doMethodInvoke(MetaMethod.java:323)
at groovy.lang.MetaClassImpl.invokeMethod(MetaClassImpl.java:1217)
at groovy.lang.MetaClassImpl.invokeMethod(MetaClassImpl.java:1041)
at groovy.lang.MetaClassImpl.invokeMethod(MetaClassImpl.java:821)
at io.restassured.internal.RequestSpecificationImpl.invokeMethod(RequestSpecificationImpl.groovy)
at org.codehaus.groovy.runtime.callsite.PogoInterceptableSite.call(PogoInterceptableSite.java:45)
at org.codehaus.groovy.runtime.callsite.PogoInterceptableSite.callCurrent(PogoInterceptableSite.java:55)
at org.codehaus.groovy.runtime.callsite.AbstractCallSite.callCurrent(AbstractCallSite.java:184)
at io.restassured.internal.RequestSpecificationImpl.post(RequestSpecificationImpl.groovy:175)
at io.restassured.internal.RequestSpecificationImpl.post(RequestSpecificationImpl.groovy)
at com.API_Testing.TestCasesScripts.TC_12_CheckGitHubServer.generateRecordOnGitServer(TC_12_CheckGitHubServer.java:41)
at java.util.ArrayList.forEach(Unknown Source)
... Removed 39 stack frames]]>
    </failure>
  </testcase> <!-- generateRecordOnGitServer -->
</testsuite> <!-- Test -->
