<?xml version="1.0" encoding="UTF-8"?>
<testng-results skipped="0" failed="0" ignored="0" total="1" passed="1">
  <reporter-output>
  </reporter-output>
  <suite name="Default suite" duration-ms="67" started-at="2020-05-08T19:36:18 IST" finished-at="2020-05-08T19:36:18 IST">
    <groups>
    </groups>
    <test name="Default test" duration-ms="67" started-at="2020-05-08T19:36:18 IST" finished-at="2020-05-08T19:36:18 IST">
      <class name="com.API_Testing.TestCasesScripts.TC_08_GetDatabyKey">
        <test-method status="PASS" signature="fetchValuedata()[pri:0, instance:com.API_Testing.TestCasesScripts.TC_08_GetDatabyKey@15d0c81b]" name="fetchValuedata" duration-ms="15" started-at="2020-05-08T19:36:18 IST" finished-at="2020-05-08T19:36:18 IST">
          <reporter-output>
          </reporter-output>
        </test-method> <!-- fetchValuedata -->
      </class> <!-- com.API_Testing.TestCasesScripts.TC_08_GetDatabyKey -->
    </test> <!-- Default test -->
  </suite> <!-- Default suite -->
</testng-results>
