<?xml version="1.0" encoding="UTF-8"?>
<testng-results skipped="0" failed="0" ignored="0" total="1" passed="1">
  <reporter-output>
  </reporter-output>
  <suite name="Default suite" duration-ms="3168" started-at="2020-05-11T13:38:17 IST" finished-at="2020-05-11T13:38:20 IST">
    <groups>
    </groups>
    <test name="Default test" duration-ms="3168" started-at="2020-05-11T13:38:17 IST" finished-at="2020-05-11T13:38:20 IST">
      <class name="com.API_Testing.TestCasesScripts.TC_01_PostMethods">
        <test-method status="PASS" signature="jsonBody()[pri:0, instance:com.API_Testing.TestCasesScripts.TC_01_PostMethods@646d64ab]" name="jsonBody" is-config="true" duration-ms="10" started-at="2020-05-11T13:38:17 IST" finished-at="2020-05-11T13:38:17 IST">
          <reporter-output>
          </reporter-output>
        </test-method> <!-- jsonBody -->
        <test-method status="PASS" signature="createData()[pri:0, instance:com.API_Testing.TestCasesScripts.TC_01_PostMethods@646d64ab]" name="createData" duration-ms="3104" started-at="2020-05-11T13:38:17 IST" finished-at="2020-05-11T13:38:20 IST">
          <reporter-output>
          </reporter-output>
        </test-method> <!-- createData -->
      </class> <!-- com.API_Testing.TestCasesScripts.TC_01_PostMethods -->
    </test> <!-- Default test -->
  </suite> <!-- Default suite -->
</testng-results>
