<?xml version="1.0" encoding="UTF-8"?>
<!-- Generated by org.testng.reporters.JUnitXMLReporter -->
<testsuite hostname="Sumit" ignored="0" name="Test" tests="22" failures="0" timestamp="2020-05-06T21:46:52 IST" time="47.767" errors="0">
  <testcase name="createData" time="2.937" classname="com.API_Testing.TestScripts.TC_01_PostMethods"/>
  <testcase name="createData" time="0.059" classname="com.API_Testing.TestScripts.TC_01_PostMethods"/>
  <testcase name="getIDData" time="0.081" classname="com.API_Testing.TestScripts.TC_02_GetPerticulerIddata"/>
  <testcase name="createData" time="0.043" classname="com.API_Testing.TestScripts.TC_01_PostMethods"/>
  <testcase name="getIDData" time="0.03" classname="com.API_Testing.TestScripts.TC_02_GetPerticulerIddata"/>
  <testcase name="updateRecord" time="0.037" classname="com.API_Testing.TestScripts.TC_03_PUTRequest"/>
  <testcase name="createData" time="0.058" classname="com.API_Testing.TestScripts.TC_01_PostMethods"/>
  <testcase name="getIDData" time="0.03" classname="com.API_Testing.TestScripts.TC_02_GetPerticulerIddata"/>
  <testcase name="updateRecord" time="0.023" classname="com.API_Testing.TestScripts.TC_03_PUTRequest"/>
  <testcase name="updateSpecificData" time="0.024" classname="com.API_Testing.TestScripts.TC_04_PatchRequest"/>
  <testcase name="createData" time="0.04" classname="com.API_Testing.TestScripts.TC_01_PostMethods"/>
  <testcase name="getIDData" time="0.025" classname="com.API_Testing.TestScripts.TC_02_GetPerticulerIddata"/>
  <testcase name="updateRecord" time="0.022" classname="com.API_Testing.TestScripts.TC_03_PUTRequest"/>
  <testcase name="updateSpecificData" time="0.023" classname="com.API_Testing.TestScripts.TC_04_PatchRequest"/>
  <testcase name="deleteData" time="0.035" classname="com.API_Testing.TestScripts.TC_05_DeleteRequestData"/>
  <testcase name="getAllRecords" time="0.049" classname="com.API_Testing.TestScripts.TC_06_GetALLData"/>
  <testcase name="replaceVarialbes" time="14.022" classname="com.API_Testing.TestScripts.TC_07_ReplaceDynamicjSonVarialbles"/>
  <testcase name="fetchValuedata" time="0.003" classname="com.API_Testing.TestScripts.TC_08_GetDatabyKey"/>
  <testcase name="comparetoJson" time="0.01" classname="com.API_Testing.TestScripts.TC_09CompareJSonTwoFile"/>
  <testcase name="pojoPostTest" time="0.022" classname="com.API_Testing.TestScripts.TC_10_PostDataUsingPojo"/>
  <testcase name="addValueExsitingData" time="0.004" classname="com.API_Testing.TestScripts.TC_11_AddValueInExsitingData"/>
  <testcase name="generateRecordOnGitServer" time="30.033" classname="com.API_Testing.TestScripts.TC_12_CheckGitHubServer"/>
</testsuite> <!-- Test -->
