<?xml version="1.0" encoding="UTF-8"?>
<!-- Generated by org.testng.reporters.JUnitXMLReporter -->
<testsuite hostname="Sumit" ignored="0" name="Test" tests="22" failures="0" timestamp="2020-05-08T17:19:44 IST" time="57.839" errors="0">
  <testcase name="createData" time="2.901" classname="com.API_Testing.TestCasesScripts.TC_01_PostMethods"/>
  <testcase name="createData" time="0.069" classname="com.API_Testing.TestCasesScripts.TC_01_PostMethods"/>
  <testcase name="getIDData" time="0.132" classname="com.API_Testing.TestCasesScripts.TC_02_GetPerticulerIddata"/>
  <testcase name="createData" time="0.057" classname="com.API_Testing.TestCasesScripts.TC_01_PostMethods"/>
  <testcase name="getIDData" time="0.035" classname="com.API_Testing.TestCasesScripts.TC_02_GetPerticulerIddata"/>
  <testcase name="updateRecord" time="0.041" classname="com.API_Testing.TestCasesScripts.TC_03_PUTRequest"/>
  <testcase name="createData" time="0.067" classname="com.API_Testing.TestCasesScripts.TC_01_PostMethods"/>
  <testcase name="getIDData" time="0.045" classname="com.API_Testing.TestCasesScripts.TC_02_GetPerticulerIddata"/>
  <testcase name="updateRecord" time="0.028" classname="com.API_Testing.TestCasesScripts.TC_03_PUTRequest"/>
  <testcase name="updateSpecificData" time="0.026" classname="com.API_Testing.TestCasesScripts.TC_04_PatchRequest"/>
  <testcase name="createData" time="0.052" classname="com.API_Testing.TestCasesScripts.TC_01_PostMethods"/>
  <testcase name="getIDData" time="0.542" classname="com.API_Testing.TestCasesScripts.TC_02_GetPerticulerIddata"/>
  <testcase name="updateRecord" time="0.043" classname="com.API_Testing.TestCasesScripts.TC_03_PUTRequest"/>
  <testcase name="updateSpecificData" time="0.029" classname="com.API_Testing.TestCasesScripts.TC_04_PatchRequest"/>
  <testcase name="deleteData" time="0.028" classname="com.API_Testing.TestCasesScripts.TC_05_DeleteRequestData"/>
  <testcase name="getAllRecords" time="0.055" classname="com.API_Testing.TestCasesScripts.TC_06_GetALLData"/>
  <testcase name="replaceVarialbes" time="5.432" classname="com.API_Testing.TestCasesScripts.TC_07_ReplaceDynamicjSonVarialbles"/>
  <testcase name="fetchValuedata" time="0.004" classname="com.API_Testing.TestCasesScripts.TC_08_GetDatabyKey"/>
  <testcase name="comparetoJson" time="0.01" classname="com.API_Testing.TestCasesScripts.TC_09CompareJSonTwoFile"/>
  <testcase name="pojoPostTest" time="0.019" classname="com.API_Testing.TestCasesScripts.TC_10_PostDataUsingPojo"/>
  <testcase name="addValueExsitingData" time="0.004" classname="com.API_Testing.TestCasesScripts.TC_11_AddValueInExsitingData"/>
  <testcase name="generateRecordOnGitServer" time="48.054" classname="com.API_Testing.TestCasesScripts.TC_12_CheckGitHubServer"/>
</testsuite> <!-- Test -->
