<?xml version="1.0" encoding="UTF-8"?>
<testng-results skipped="0" failed="0" ignored="0" total="19" passed="19">
  <reporter-output>
  </reporter-output>
  <suite name="Suite" duration-ms="14822" started-at="2020-05-08T17:35:09 IST" finished-at="2020-05-08T17:35:24 IST">
    <groups>
    </groups>
    <test name="Test" duration-ms="14822" started-at="2020-05-08T17:35:09 IST" finished-at="2020-05-08T17:35:24 IST">
      <class name="com.API_Testing.TestCasesScripts.TC_04_PatchRequest">
        <test-method status="PASS" signature="jsonBody()[pri:0, instance:com.API_Testing.TestCasesScripts.TC_04_PatchRequest@7a1ebcd8]" name="jsonBody" is-config="true" duration-ms="0" started-at="2020-05-08T17:35:12 IST" finished-at="2020-05-08T17:35:12 IST">
          <reporter-output>
          </reporter-output>
        </test-method> <!-- jsonBody -->
        <test-method status="PASS" signature="dataForUpdateExisitingRecords()[pri:0, instance:com.API_Testing.TestCasesScripts.TC_04_PatchRequest@7a1ebcd8]" name="dataForUpdateExisitingRecords" is-config="true" duration-ms="0" started-at="2020-05-08T17:35:12 IST" finished-at="2020-05-08T17:35:12 IST">
          <reporter-output>
          </reporter-output>
        </test-method> <!-- dataForUpdateExisitingRecords -->
        <test-method status="PASS" signature="createData()[pri:0, instance:com.API_Testing.TestCasesScripts.TC_04_PatchRequest@7a1ebcd8]" name="createData" duration-ms="54" started-at="2020-05-08T17:35:12 IST" finished-at="2020-05-08T17:35:12 IST">
          <reporter-output>
          </reporter-output>
        </test-method> <!-- createData -->
        <test-method status="PASS" signature="dataForUpdate()[pri:0, instance:com.API_Testing.TestCasesScripts.TC_04_PatchRequest@7a1ebcd8]" name="dataForUpdate" is-config="true" duration-ms="0" started-at="2020-05-08T17:35:12 IST" finished-at="2020-05-08T17:35:12 IST">
          <reporter-output>
          </reporter-output>
        </test-method> <!-- dataForUpdate -->
        <test-method status="PASS" signature="jsonBody()[pri:0, instance:com.API_Testing.TestCasesScripts.TC_04_PatchRequest@7a1ebcd8]" name="jsonBody" is-config="true" duration-ms="1" started-at="2020-05-08T17:35:12 IST" finished-at="2020-05-08T17:35:12 IST">
          <reporter-output>
          </reporter-output>
        </test-method> <!-- jsonBody -->
        <test-method status="PASS" signature="dataForUpdateExisitingRecords()[pri:0, instance:com.API_Testing.TestCasesScripts.TC_04_PatchRequest@7a1ebcd8]" name="dataForUpdateExisitingRecords" is-config="true" duration-ms="0" started-at="2020-05-08T17:35:12 IST" finished-at="2020-05-08T17:35:12 IST">
          <reporter-output>
          </reporter-output>
        </test-method> <!-- dataForUpdateExisitingRecords -->
        <test-method status="PASS" signature="dataForUpdate()[pri:0, instance:com.API_Testing.TestCasesScripts.TC_04_PatchRequest@7a1ebcd8]" name="dataForUpdate" is-config="true" duration-ms="1" started-at="2020-05-08T17:35:12 IST" finished-at="2020-05-08T17:35:12 IST">
          <reporter-output>
          </reporter-output>
        </test-method> <!-- dataForUpdate -->
        <test-method status="PASS" signature="getIDData()[pri:0, instance:com.API_Testing.TestCasesScripts.TC_04_PatchRequest@7a1ebcd8]" name="getIDData" duration-ms="37" started-at="2020-05-08T17:35:12 IST" finished-at="2020-05-08T17:35:12 IST">
          <reporter-output>
          </reporter-output>
        </test-method> <!-- getIDData -->
        <test-method status="PASS" signature="dataForUpdateExisitingRecords()[pri:0, instance:com.API_Testing.TestCasesScripts.TC_04_PatchRequest@7a1ebcd8]" name="dataForUpdateExisitingRecords" is-config="true" duration-ms="0" started-at="2020-05-08T17:35:12 IST" finished-at="2020-05-08T17:35:12 IST">
          <reporter-output>
          </reporter-output>
        </test-method> <!-- dataForUpdateExisitingRecords -->
        <test-method status="PASS" signature="jsonBody()[pri:0, instance:com.API_Testing.TestCasesScripts.TC_04_PatchRequest@7a1ebcd8]" name="jsonBody" is-config="true" duration-ms="0" started-at="2020-05-08T17:35:12 IST" finished-at="2020-05-08T17:35:12 IST">
          <reporter-output>
          </reporter-output>
        </test-method> <!-- jsonBody -->
        <test-method status="PASS" signature="updateRecord()[pri:0, instance:com.API_Testing.TestCasesScripts.TC_04_PatchRequest@7a1ebcd8]" name="updateRecord" duration-ms="37" started-at="2020-05-08T17:35:12 IST" finished-at="2020-05-08T17:35:12 IST">
          <reporter-output>
          </reporter-output>
        </test-method> <!-- updateRecord -->
        <test-method status="PASS" signature="dataForUpdate()[pri:0, instance:com.API_Testing.TestCasesScripts.TC_04_PatchRequest@7a1ebcd8]" name="dataForUpdate" is-config="true" duration-ms="0" started-at="2020-05-08T17:35:12 IST" finished-at="2020-05-08T17:35:12 IST">
          <reporter-output>
          </reporter-output>
        </test-method> <!-- dataForUpdate -->
        <test-method status="PASS" signature="jsonBody()[pri:0, instance:com.API_Testing.TestCasesScripts.TC_04_PatchRequest@7a1ebcd8]" name="jsonBody" is-config="true" duration-ms="0" started-at="2020-05-08T17:35:12 IST" finished-at="2020-05-08T17:35:12 IST">
          <reporter-output>
          </reporter-output>
        </test-method> <!-- jsonBody -->
        <test-method status="PASS" signature="dataForUpdateExisitingRecords()[pri:0, instance:com.API_Testing.TestCasesScripts.TC_04_PatchRequest@7a1ebcd8]" name="dataForUpdateExisitingRecords" is-config="true" duration-ms="0" started-at="2020-05-08T17:35:12 IST" finished-at="2020-05-08T17:35:12 IST">
          <reporter-output>
          </reporter-output>
        </test-method> <!-- dataForUpdateExisitingRecords -->
        <test-method status="PASS" signature="dataForUpdate()[pri:0, instance:com.API_Testing.TestCasesScripts.TC_04_PatchRequest@7a1ebcd8]" name="dataForUpdate" is-config="true" duration-ms="1" started-at="2020-05-08T17:35:12 IST" finished-at="2020-05-08T17:35:12 IST">
          <reporter-output>
          </reporter-output>
        </test-method> <!-- dataForUpdate -->
        <test-method status="PASS" signature="updateSpecificData()[pri:0, instance:com.API_Testing.TestCasesScripts.TC_04_PatchRequest@7a1ebcd8]" name="updateSpecificData" duration-ms="23" started-at="2020-05-08T17:35:12 IST" finished-at="2020-05-08T17:35:12 IST">
          <reporter-output>
          </reporter-output>
        </test-method> <!-- updateSpecificData -->
      </class> <!-- com.API_Testing.TestCasesScripts.TC_04_PatchRequest -->
      <class name="com.API_Testing.TestCasesScripts.TC_07_ReplaceDynamicjSonVarialbles">
        <test-method status="PASS" signature="replaceVarialbes()[pri:0, instance:com.API_Testing.TestCasesScripts.TC_07_ReplaceDynamicjSonVarialbles@30a3107a]" name="replaceVarialbes" duration-ms="11160" started-at="2020-05-08T17:35:13 IST" finished-at="2020-05-08T17:35:24 IST">
          <reporter-output>
          </reporter-output>
        </test-method> <!-- replaceVarialbes -->
      </class> <!-- com.API_Testing.TestCasesScripts.TC_07_ReplaceDynamicjSonVarialbles -->
      <class name="com.API_Testing.TestCasesScripts.TC_03_PUTRequest">
        <test-method status="PASS" signature="jsonBody()[pri:0, instance:com.API_Testing.TestCasesScripts.TC_03_PUTRequest@5faeada1]" name="jsonBody" is-config="true" duration-ms="1" started-at="2020-05-08T17:35:12 IST" finished-at="2020-05-08T17:35:12 IST">
          <reporter-output>
          </reporter-output>
        </test-method> <!-- jsonBody -->
        <test-method status="PASS" signature="createData()[pri:0, instance:com.API_Testing.TestCasesScripts.TC_03_PUTRequest@5faeada1]" name="createData" duration-ms="57" started-at="2020-05-08T17:35:12 IST" finished-at="2020-05-08T17:35:12 IST">
          <reporter-output>
          </reporter-output>
        </test-method> <!-- createData -->
        <test-method status="PASS" signature="dataForUpdateExisitingRecords()[pri:0, instance:com.API_Testing.TestCasesScripts.TC_03_PUTRequest@5faeada1]" name="dataForUpdateExisitingRecords" is-config="true" duration-ms="0" started-at="2020-05-08T17:35:12 IST" finished-at="2020-05-08T17:35:12 IST">
          <reporter-output>
          </reporter-output>
        </test-method> <!-- dataForUpdateExisitingRecords -->
        <test-method status="PASS" signature="jsonBody()[pri:0, instance:com.API_Testing.TestCasesScripts.TC_03_PUTRequest@5faeada1]" name="jsonBody" is-config="true" duration-ms="1" started-at="2020-05-08T17:35:12 IST" finished-at="2020-05-08T17:35:12 IST">
          <reporter-output>
          </reporter-output>
        </test-method> <!-- jsonBody -->
        <test-method status="PASS" signature="dataForUpdateExisitingRecords()[pri:0, instance:com.API_Testing.TestCasesScripts.TC_03_PUTRequest@5faeada1]" name="dataForUpdateExisitingRecords" is-config="true" duration-ms="1" started-at="2020-05-08T17:35:12 IST" finished-at="2020-05-08T17:35:12 IST">
          <reporter-output>
          </reporter-output>
        </test-method> <!-- dataForUpdateExisitingRecords -->
        <test-method status="PASS" signature="getIDData()[pri:0, instance:com.API_Testing.TestCasesScripts.TC_03_PUTRequest@5faeada1]" name="getIDData" duration-ms="24" started-at="2020-05-08T17:35:12 IST" finished-at="2020-05-08T17:35:13 IST">
          <reporter-output>
          </reporter-output>
        </test-method> <!-- getIDData -->
        <test-method status="PASS" signature="jsonBody()[pri:0, instance:com.API_Testing.TestCasesScripts.TC_03_PUTRequest@5faeada1]" name="jsonBody" is-config="true" duration-ms="1" started-at="2020-05-08T17:35:13 IST" finished-at="2020-05-08T17:35:13 IST">
          <reporter-output>
          </reporter-output>
        </test-method> <!-- jsonBody -->
        <test-method status="PASS" signature="dataForUpdateExisitingRecords()[pri:0, instance:com.API_Testing.TestCasesScripts.TC_03_PUTRequest@5faeada1]" name="dataForUpdateExisitingRecords" is-config="true" duration-ms="0" started-at="2020-05-08T17:35:13 IST" finished-at="2020-05-08T17:35:13 IST">
          <reporter-output>
          </reporter-output>
        </test-method> <!-- dataForUpdateExisitingRecords -->
        <test-method status="PASS" signature="updateRecord()[pri:0, instance:com.API_Testing.TestCasesScripts.TC_03_PUTRequest@5faeada1]" name="updateRecord" duration-ms="26" started-at="2020-05-08T17:35:13 IST" finished-at="2020-05-08T17:35:13 IST">
          <reporter-output>
          </reporter-output>
        </test-method> <!-- updateRecord -->
      </class> <!-- com.API_Testing.TestCasesScripts.TC_03_PUTRequest -->
      <class name="com.API_Testing.TestCasesScripts.TC_08_GetDatabyKey">
        <test-method status="PASS" signature="fetchValuedata()[pri:0, instance:com.API_Testing.TestCasesScripts.TC_08_GetDatabyKey@1563da5]" name="fetchValuedata" duration-ms="4" started-at="2020-05-08T17:35:13 IST" finished-at="2020-05-08T17:35:13 IST">
          <reporter-output>
          </reporter-output>
        </test-method> <!-- fetchValuedata -->
      </class> <!-- com.API_Testing.TestCasesScripts.TC_08_GetDatabyKey -->
      <class name="com.API_Testing.TestCasesScripts.TC_09CompareJSonTwoFile">
        <test-method status="PASS" signature="comparetoJson()[pri:0, instance:com.API_Testing.TestCasesScripts.TC_09CompareJSonTwoFile@ea1a8d5]" name="comparetoJson" duration-ms="13" started-at="2020-05-08T17:35:13 IST" finished-at="2020-05-08T17:35:13 IST">
          <reporter-output>
          </reporter-output>
        </test-method> <!-- comparetoJson -->
      </class> <!-- com.API_Testing.TestCasesScripts.TC_09CompareJSonTwoFile -->
      <class name="com.API_Testing.TestCasesScripts.TC_05_DeleteRequestData">
        <test-method status="PASS" signature="jsonBody()[pri:0, instance:com.API_Testing.TestCasesScripts.TC_05_DeleteRequestData@528931cf]" name="jsonBody" is-config="true" duration-ms="1" started-at="2020-05-08T17:35:13 IST" finished-at="2020-05-08T17:35:13 IST">
          <reporter-output>
          </reporter-output>
        </test-method> <!-- jsonBody -->
        <test-method status="PASS" signature="dataForUpdate()[pri:0, instance:com.API_Testing.TestCasesScripts.TC_05_DeleteRequestData@528931cf]" name="dataForUpdate" is-config="true" duration-ms="0" started-at="2020-05-08T17:35:13 IST" finished-at="2020-05-08T17:35:13 IST">
          <reporter-output>
          </reporter-output>
        </test-method> <!-- dataForUpdate -->
        <test-method status="PASS" signature="createData()[pri:0, instance:com.API_Testing.TestCasesScripts.TC_05_DeleteRequestData@528931cf]" name="createData" duration-ms="42" started-at="2020-05-08T17:35:13 IST" finished-at="2020-05-08T17:35:13 IST">
          <reporter-output>
          </reporter-output>
        </test-method> <!-- createData -->
        <test-method status="PASS" signature="dataForUpdateExisitingRecords()[pri:0, instance:com.API_Testing.TestCasesScripts.TC_05_DeleteRequestData@528931cf]" name="dataForUpdateExisitingRecords" is-config="true" duration-ms="0" started-at="2020-05-08T17:35:13 IST" finished-at="2020-05-08T17:35:13 IST">
          <reporter-output>
          </reporter-output>
        </test-method> <!-- dataForUpdateExisitingRecords -->
        <test-method status="PASS" signature="jsonBody()[pri:0, instance:com.API_Testing.TestCasesScripts.TC_05_DeleteRequestData@528931cf]" name="jsonBody" is-config="true" duration-ms="0" started-at="2020-05-08T17:35:13 IST" finished-at="2020-05-08T17:35:13 IST">
          <reporter-output>
          </reporter-output>
        </test-method> <!-- jsonBody -->
        <test-method status="PASS" signature="dataForUpdate()[pri:0, instance:com.API_Testing.TestCasesScripts.TC_05_DeleteRequestData@528931cf]" name="dataForUpdate" is-config="true" duration-ms="0" started-at="2020-05-08T17:35:13 IST" finished-at="2020-05-08T17:35:13 IST">
          <reporter-output>
          </reporter-output>
        </test-method> <!-- dataForUpdate -->
        <test-method status="PASS" signature="dataForUpdateExisitingRecords()[pri:0, instance:com.API_Testing.TestCasesScripts.TC_05_DeleteRequestData@528931cf]" name="dataForUpdateExisitingRecords" is-config="true" duration-ms="0" started-at="2020-05-08T17:35:13 IST" finished-at="2020-05-08T17:35:13 IST">
          <reporter-output>
          </reporter-output>
        </test-method> <!-- dataForUpdateExisitingRecords -->
        <test-method status="PASS" signature="getIDData()[pri:0, instance:com.API_Testing.TestCasesScripts.TC_05_DeleteRequestData@528931cf]" name="getIDData" duration-ms="21" started-at="2020-05-08T17:35:13 IST" finished-at="2020-05-08T17:35:13 IST">
          <reporter-output>
          </reporter-output>
        </test-method> <!-- getIDData -->
        <test-method status="PASS" signature="dataForUpdateExisitingRecords()[pri:0, instance:com.API_Testing.TestCasesScripts.TC_05_DeleteRequestData@528931cf]" name="dataForUpdateExisitingRecords" is-config="true" duration-ms="1" started-at="2020-05-08T17:35:13 IST" finished-at="2020-05-08T17:35:13 IST">
          <reporter-output>
          </reporter-output>
        </test-method> <!-- dataForUpdateExisitingRecords -->
        <test-method status="PASS" signature="jsonBody()[pri:0, instance:com.API_Testing.TestCasesScripts.TC_05_DeleteRequestData@528931cf]" name="jsonBody" is-config="true" duration-ms="0" started-at="2020-05-08T17:35:13 IST" finished-at="2020-05-08T17:35:13 IST">
          <reporter-output>
          </reporter-output>
        </test-method> <!-- jsonBody -->
        <test-method status="PASS" signature="dataForUpdate()[pri:0, instance:com.API_Testing.TestCasesScripts.TC_05_DeleteRequestData@528931cf]" name="dataForUpdate" is-config="true" duration-ms="0" started-at="2020-05-08T17:35:13 IST" finished-at="2020-05-08T17:35:13 IST">
          <reporter-output>
          </reporter-output>
        </test-method> <!-- dataForUpdate -->
        <test-method status="PASS" signature="updateRecord()[pri:0, instance:com.API_Testing.TestCasesScripts.TC_05_DeleteRequestData@528931cf]" name="updateRecord" duration-ms="21" started-at="2020-05-08T17:35:13 IST" finished-at="2020-05-08T17:35:13 IST">
          <reporter-output>
          </reporter-output>
        </test-method> <!-- updateRecord -->
        <test-method status="PASS" signature="jsonBody()[pri:0, instance:com.API_Testing.TestCasesScripts.TC_05_DeleteRequestData@528931cf]" name="jsonBody" is-config="true" duration-ms="1" started-at="2020-05-08T17:35:13 IST" finished-at="2020-05-08T17:35:13 IST">
          <reporter-output>
          </reporter-output>
        </test-method> <!-- jsonBody -->
        <test-method status="PASS" signature="dataForUpdate()[pri:0, instance:com.API_Testing.TestCasesScripts.TC_05_DeleteRequestData@528931cf]" name="dataForUpdate" is-config="true" duration-ms="0" started-at="2020-05-08T17:35:13 IST" finished-at="2020-05-08T17:35:13 IST">
          <reporter-output>
          </reporter-output>
        </test-method> <!-- dataForUpdate -->
        <test-method status="PASS" signature="dataForUpdateExisitingRecords()[pri:0, instance:com.API_Testing.TestCasesScripts.TC_05_DeleteRequestData@528931cf]" name="dataForUpdateExisitingRecords" is-config="true" duration-ms="0" started-at="2020-05-08T17:35:13 IST" finished-at="2020-05-08T17:35:13 IST">
          <reporter-output>
          </reporter-output>
        </test-method> <!-- dataForUpdateExisitingRecords -->
        <test-method status="PASS" signature="updateSpecificData()[pri:0, instance:com.API_Testing.TestCasesScripts.TC_05_DeleteRequestData@528931cf]" name="updateSpecificData" duration-ms="27" started-at="2020-05-08T17:35:13 IST" finished-at="2020-05-08T17:35:13 IST">
          <reporter-output>
          </reporter-output>
        </test-method> <!-- updateSpecificData -->
        <test-method status="PASS" signature="jsonBody()[pri:0, instance:com.API_Testing.TestCasesScripts.TC_05_DeleteRequestData@528931cf]" name="jsonBody" is-config="true" duration-ms="0" started-at="2020-05-08T17:35:13 IST" finished-at="2020-05-08T17:35:13 IST">
          <reporter-output>
          </reporter-output>
        </test-method> <!-- jsonBody -->
        <test-method status="PASS" signature="dataForUpdateExisitingRecords()[pri:0, instance:com.API_Testing.TestCasesScripts.TC_05_DeleteRequestData@528931cf]" name="dataForUpdateExisitingRecords" is-config="true" duration-ms="1" started-at="2020-05-08T17:35:13 IST" finished-at="2020-05-08T17:35:13 IST">
          <reporter-output>
          </reporter-output>
        </test-method> <!-- dataForUpdateExisitingRecords -->
        <test-method status="PASS" signature="deleteData()[pri:0, instance:com.API_Testing.TestCasesScripts.TC_05_DeleteRequestData@528931cf]" name="deleteData" duration-ms="20" started-at="2020-05-08T17:35:13 IST" finished-at="2020-05-08T17:35:13 IST">
          <reporter-output>
          </reporter-output>
        </test-method> <!-- deleteData -->
        <test-method status="PASS" signature="dataForUpdate()[pri:0, instance:com.API_Testing.TestCasesScripts.TC_05_DeleteRequestData@528931cf]" name="dataForUpdate" is-config="true" duration-ms="0" started-at="2020-05-08T17:35:13 IST" finished-at="2020-05-08T17:35:13 IST">
          <reporter-output>
          </reporter-output>
        </test-method> <!-- dataForUpdate -->
      </class> <!-- com.API_Testing.TestCasesScripts.TC_05_DeleteRequestData -->
      <class name="com.API_Testing.TestCasesScripts.TC_06_GetALLData">
        <test-method status="PASS" signature="getAllRecords()[pri:0, instance:com.API_Testing.TestCasesScripts.TC_06_GetALLData@2bbf4b8b]" name="getAllRecords" duration-ms="51" started-at="2020-05-08T17:35:13 IST" finished-at="2020-05-08T17:35:13 IST">
          <reporter-output>
          </reporter-output>
        </test-method> <!-- getAllRecords -->
      </class> <!-- com.API_Testing.TestCasesScripts.TC_06_GetALLData -->
      <class name="com.API_Testing.TestCasesScripts.TC_02_GetPerticulerIddata">
        <test-method status="PASS" signature="jsonBody()[pri:0, instance:com.API_Testing.TestCasesScripts.TC_02_GetPerticulerIddata@34cd072c]" name="jsonBody" is-config="true" duration-ms="1" started-at="2020-05-08T17:35:12 IST" finished-at="2020-05-08T17:35:12 IST">
          <reporter-output>
          </reporter-output>
        </test-method> <!-- jsonBody -->
        <test-method status="PASS" signature="createData()[pri:0, instance:com.API_Testing.TestCasesScripts.TC_02_GetPerticulerIddata@34cd072c]" name="createData" duration-ms="65" started-at="2020-05-08T17:35:12 IST" finished-at="2020-05-08T17:35:12 IST">
          <reporter-output>
          </reporter-output>
        </test-method> <!-- createData -->
        <test-method status="PASS" signature="getIDData()[pri:0, instance:com.API_Testing.TestCasesScripts.TC_02_GetPerticulerIddata@34cd072c]" name="getIDData" duration-ms="107" started-at="2020-05-08T17:35:12 IST" finished-at="2020-05-08T17:35:12 IST">
          <reporter-output>
          </reporter-output>
        </test-method> <!-- getIDData -->
        <test-method status="PASS" signature="jsonBody()[pri:0, instance:com.API_Testing.TestCasesScripts.TC_02_GetPerticulerIddata@34cd072c]" name="jsonBody" is-config="true" duration-ms="0" started-at="2020-05-08T17:35:12 IST" finished-at="2020-05-08T17:35:12 IST">
          <reporter-output>
          </reporter-output>
        </test-method> <!-- jsonBody -->
      </class> <!-- com.API_Testing.TestCasesScripts.TC_02_GetPerticulerIddata -->
      <class name="com.API_Testing.TestCasesScripts.TC_01_PostMethods">
        <test-method status="PASS" signature="jsonBody()[pri:0, instance:com.API_Testing.TestCasesScripts.TC_01_PostMethods@11438d26]" name="jsonBody" is-config="true" duration-ms="11" started-at="2020-05-08T17:35:09 IST" finished-at="2020-05-08T17:35:09 IST">
          <reporter-output>
          </reporter-output>
        </test-method> <!-- jsonBody -->
        <test-method status="PASS" signature="createData()[pri:0, instance:com.API_Testing.TestCasesScripts.TC_01_PostMethods@11438d26]" name="createData" duration-ms="2879" started-at="2020-05-08T17:35:09 IST" finished-at="2020-05-08T17:35:12 IST">
          <reporter-output>
          </reporter-output>
        </test-method> <!-- createData -->
      </class> <!-- com.API_Testing.TestCasesScripts.TC_01_PostMethods -->
    </test> <!-- Test -->
  </suite> <!-- Suite -->
</testng-results>
