<?xml version="1.0" encoding="UTF-8"?>
<testng-results ignored="0" total="1" passed="1" failed="0" skipped="0">
  <reporter-output>
  </reporter-output>
  <suite started-at="2019-09-16T14:18:38Z" name="Default suite" finished-at="2019-09-16T14:18:40Z" duration-ms="2411">
    <groups>
    </groups>
    <test started-at="2019-09-16T14:18:38Z" name="Default test" finished-at="2019-09-16T14:18:40Z" duration-ms="2411">
      <class name="com.API_Testing.TestScripts.TC_01_GetRequest">
        <test-method signature="getData()[pri:0, instance:com.API_Testing.TestScripts.TC_01_GetRequest@574b560f]" started-at="2019-09-16T14:18:38Z" name="getData" finished-at="2019-09-16T14:18:40Z" duration-ms="2365" status="PASS">
          <reporter-output>
          </reporter-output>
        </test-method> <!-- getData -->
      </class> <!-- com.API_Testing.TestScripts.TC_01_GetRequest -->
    </test> <!-- Default test -->
  </suite> <!-- Default suite -->
</testng-results>
