<?xml version="1.0" encoding="UTF-8"?>
<testng-results skipped="0" failed="0" ignored="0" total="2" passed="2">
  <reporter-output>
  </reporter-output>
  <suite name="Default suite" duration-ms="2606" started-at="2020-05-04T12:46:39Z" finished-at="2020-05-04T12:46:42Z">
    <groups>
    </groups>
    <test name="Default test" duration-ms="2606" started-at="2020-05-04T12:46:39Z" finished-at="2020-05-04T12:46:42Z">
      <class name="com.API_Testing.TestScripts.TC_04_DeleteRequestData">
        <test-method status="PASS" signature="createData()[pri:0, instance:com.API_Testing.TestScripts.TC_04_DeleteRequestData@31ef45e3]" name="createData" duration-ms="2473" started-at="2020-05-04T12:46:39Z" finished-at="2020-05-04T12:46:42Z">
          <reporter-output>
          </reporter-output>
        </test-method> <!-- createData -->
        <test-method status="PASS" signature="deleteData()[pri:0, instance:com.API_Testing.TestScripts.TC_04_DeleteRequestData@31ef45e3]" name="deleteData" duration-ms="80" started-at="2020-05-04T12:46:42Z" finished-at="2020-05-04T12:46:42Z">
          <reporter-output>
          </reporter-output>
        </test-method> <!-- deleteData -->
      </class> <!-- com.API_Testing.TestScripts.TC_04_DeleteRequestData -->
    </test> <!-- Default test -->
  </suite> <!-- Default suite -->
</testng-results>
