<?xml version="1.0" encoding="UTF-8"?>
<testng-results skipped="0" failed="0" ignored="0" total="1" passed="1">
  <reporter-output>
  </reporter-output>
  <suite name="Default suite" duration-ms="7675" started-at="2020-03-29T09:17:15Z" finished-at="2020-03-29T09:17:22Z">
    <groups>
    </groups>
    <test name="Default test" duration-ms="7675" started-at="2020-03-29T09:17:15Z" finished-at="2020-03-29T09:17:22Z">
      <class name="com.API_Testing.TestScripts.TC_01_PostRequest">
        <test-method status="PASS" signature="createData()[pri:0, instance:com.API_Testing.TestScripts.TC_01_PostRequest@146ba0ac]" name="createData" duration-ms="7609" started-at="2020-03-29T09:17:15Z" finished-at="2020-03-29T09:17:22Z">
          <reporter-output>
          </reporter-output>
        </test-method> <!-- createData -->
      </class> <!-- com.API_Testing.TestScripts.TC_01_PostRequest -->
    </test> <!-- Default test -->
  </suite> <!-- Default suite -->
</testng-results>
