<?xml version="1.0" encoding="UTF-8"?>
<testng-results ignored="0" total="1" passed="1" failed="0" skipped="0">
  <reporter-output>
  </reporter-output>
  <suite started-at="2019-10-13T15:25:51Z" name="Default suite" finished-at="2019-10-13T15:25:51Z" duration-ms="105">
    <groups>
    </groups>
    <test started-at="2019-10-13T15:25:51Z" name="Default test" finished-at="2019-10-13T15:25:51Z" duration-ms="105">
      <class name="com.API_Testing.TestScripts.TC_05_GetDatabyKey">
        <test-method signature="fetchValuedata()[pri:0, instance:com.API_Testing.TestScripts.TC_05_GetDatabyKey@574b560f]" started-at="2019-10-13T15:25:51Z" name="fetchValuedata" finished-at="2019-10-13T15:25:51Z" duration-ms="23" status="PASS">
          <reporter-output>
          </reporter-output>
        </test-method> <!-- fetchValuedata -->
      </class> <!-- com.API_Testing.TestScripts.TC_05_GetDatabyKey -->
    </test> <!-- Default test -->
  </suite> <!-- Default suite -->
</testng-results>
