<?xml version="1.0" encoding="UTF-8"?>
<testng-results skipped="0" failed="0" ignored="0" total="12" passed="12">
  <reporter-output>
  </reporter-output>
  <suite name="Suite" duration-ms="18788" started-at="2020-05-05T14:48:26 IST" finished-at="2020-05-05T14:48:45 IST">
    <groups>
    </groups>
    <test name="Test" duration-ms="18788" started-at="2020-05-05T14:48:26 IST" finished-at="2020-05-05T14:48:45 IST">
      <class name="com.API_Testing.TestScripts.TC_03_PUTRequest">
        <test-method status="PASS" signature="createData()[pri:0, instance:com.API_Testing.TestScripts.TC_03_PUTRequest@59e5ddf]" name="createData" duration-ms="54" started-at="2020-05-05T14:48:29 IST" finished-at="2020-05-05T14:48:29 IST">
          <reporter-output>
          </reporter-output>
        </test-method> <!-- createData -->
        <test-method status="PASS" signature="updateRecord()[pri:0, instance:com.API_Testing.TestScripts.TC_03_PUTRequest@59e5ddf]" name="updateRecord" duration-ms="61" started-at="2020-05-05T14:48:29 IST" finished-at="2020-05-05T14:48:29 IST">
          <reporter-output>
          </reporter-output>
        </test-method> <!-- updateRecord -->
      </class> <!-- com.API_Testing.TestScripts.TC_03_PUTRequest -->
      <class name="com.API_Testing.TestScripts.TC_04_DeleteRequestData">
        <test-method status="PASS" signature="createData()[pri:0, instance:com.API_Testing.TestScripts.TC_04_DeleteRequestData@e320068]" name="createData" duration-ms="65" started-at="2020-05-05T14:48:45 IST" finished-at="2020-05-05T14:48:45 IST">
          <reporter-output>
          </reporter-output>
        </test-method> <!-- createData -->
        <test-method status="PASS" signature="deleteData()[pri:0, instance:com.API_Testing.TestScripts.TC_04_DeleteRequestData@e320068]" name="deleteData" duration-ms="51" started-at="2020-05-05T14:48:45 IST" finished-at="2020-05-05T14:48:45 IST">
          <reporter-output>
          </reporter-output>
        </test-method> <!-- deleteData -->
      </class> <!-- com.API_Testing.TestScripts.TC_04_DeleteRequestData -->
      <class name="com.API_Testing.TestScripts.TC_07_ReplaceDynamicjSonVarialbles">
        <test-method status="PASS" signature="replaceVarialbes()[pri:0, instance:com.API_Testing.TestScripts.TC_07_ReplaceDynamicjSonVarialbles@536aaa8d]" name="replaceVarialbes" duration-ms="15355" started-at="2020-05-05T14:48:29 IST" finished-at="2020-05-05T14:48:45 IST">
          <reporter-output>
          </reporter-output>
        </test-method> <!-- replaceVarialbes -->
      </class> <!-- com.API_Testing.TestScripts.TC_07_ReplaceDynamicjSonVarialbles -->
      <class name="com.API_Testing.TestScripts.TC_02_GetPerticulerIddata">
        <test-method status="PASS" signature="createData()[pri:0, instance:com.API_Testing.TestScripts.TC_02_GetPerticulerIddata@1f57539]" name="createData" duration-ms="53" started-at="2020-05-05T14:48:45 IST" finished-at="2020-05-05T14:48:45 IST">
          <reporter-output>
          </reporter-output>
        </test-method> <!-- createData -->
        <test-method status="PASS" signature="getIDData()[pri:0, instance:com.API_Testing.TestScripts.TC_02_GetPerticulerIddata@1f57539]" name="getIDData" duration-ms="35" started-at="2020-05-05T14:48:45 IST" finished-at="2020-05-05T14:48:45 IST">
          <reporter-output>
          </reporter-output>
        </test-method> <!-- getIDData -->
      </class> <!-- com.API_Testing.TestScripts.TC_02_GetPerticulerIddata -->
      <class name="com.API_Testing.TestScripts.TC_01_PostMethods">
        <test-method status="PASS" signature="createData()[pri:0, instance:com.API_Testing.TestScripts.TC_01_PostMethods@1b68ddbd]" name="createData" duration-ms="2619" started-at="2020-05-05T14:48:26 IST" finished-at="2020-05-05T14:48:29 IST">
          <reporter-output>
          </reporter-output>
        </test-method> <!-- createData -->
      </class> <!-- com.API_Testing.TestScripts.TC_01_PostMethods -->
      <class name="com.API_Testing.TestScripts.TC_10_PostDataUsingPojo">
        <test-method status="PASS" signature="pojoPostTest()[pri:0, instance:com.API_Testing.TestScripts.TC_10_PostDataUsingPojo@646d64ab]" name="pojoPostTest" duration-ms="367" started-at="2020-05-05T14:48:29 IST" finished-at="2020-05-05T14:48:29 IST">
          <reporter-output>
          </reporter-output>
        </test-method> <!-- pojoPostTest -->
      </class> <!-- com.API_Testing.TestScripts.TC_10_PostDataUsingPojo -->
      <class name="com.API_Testing.TestScripts.TC_06_AddValueInExsitingData">
        <test-method status="PASS" signature="addValueExsitingData()[pri:0, instance:com.API_Testing.TestScripts.TC_06_AddValueInExsitingData@76f2b07d]" name="addValueExsitingData" duration-ms="5" started-at="2020-05-05T14:48:45 IST" finished-at="2020-05-05T14:48:45 IST">
          <reporter-output>
          </reporter-output>
        </test-method> <!-- addValueExsitingData -->
      </class> <!-- com.API_Testing.TestScripts.TC_06_AddValueInExsitingData -->
      <class name="com.API_Testing.TestScripts.TC_05_GetDatabyKey">
        <test-method status="PASS" signature="fetchValuedata()[pri:0, instance:com.API_Testing.TestScripts.TC_05_GetDatabyKey@704a52ec]" name="fetchValuedata" duration-ms="4" started-at="2020-05-05T14:48:45 IST" finished-at="2020-05-05T14:48:45 IST">
          <reporter-output>
          </reporter-output>
        </test-method> <!-- fetchValuedata -->
      </class> <!-- com.API_Testing.TestScripts.TC_05_GetDatabyKey -->
      <class name="com.API_Testing.TestScripts.TC_09CompareJSonTwoFile">
        <test-method status="PASS" signature="comparetoJson()[pri:0, instance:com.API_Testing.TestScripts.TC_09CompareJSonTwoFile@6ee52dcd]" name="comparetoJson" duration-ms="7" started-at="2020-05-05T14:48:45 IST" finished-at="2020-05-05T14:48:45 IST">
          <reporter-output>
          </reporter-output>
        </test-method> <!-- comparetoJson -->
      </class> <!-- com.API_Testing.TestScripts.TC_09CompareJSonTwoFile -->
    </test> <!-- Test -->
  </suite> <!-- Suite -->
</testng-results>
