<?xml version="1.0" encoding="UTF-8"?>
<testng-results skipped="0" failed="0" ignored="0" total="22" passed="22">
  <reporter-output>
  </reporter-output>
  <suite name="Suite" duration-ms="47767" started-at="2020-05-06T21:46:05 IST" finished-at="2020-05-06T21:46:52 IST">
    <groups>
    </groups>
    <test name="Test" duration-ms="47767" started-at="2020-05-06T21:46:05 IST" finished-at="2020-05-06T21:46:52 IST">
      <class name="com.API_Testing.TestScripts.TC_03_PUTRequest">
        <test-method status="PASS" signature="dataForUpdateExisitingRecords()[pri:0, instance:com.API_Testing.TestScripts.TC_03_PUTRequest@bd8db5a]" name="dataForUpdateExisitingRecords" is-config="true" duration-ms="1" started-at="2020-05-06T21:46:08 IST" finished-at="2020-05-06T21:46:08 IST">
          <reporter-output>
          </reporter-output>
        </test-method> <!-- dataForUpdateExisitingRecords -->
        <test-method status="PASS" signature="jsonBody()[pri:0, instance:com.API_Testing.TestScripts.TC_03_PUTRequest@bd8db5a]" name="jsonBody" is-config="true" duration-ms="0" started-at="2020-05-06T21:46:08 IST" finished-at="2020-05-06T21:46:08 IST">
          <reporter-output>
          </reporter-output>
        </test-method> <!-- jsonBody -->
        <test-method status="PASS" signature="createData()[pri:0, instance:com.API_Testing.TestScripts.TC_03_PUTRequest@bd8db5a]" name="createData" duration-ms="43" started-at="2020-05-06T21:46:08 IST" finished-at="2020-05-06T21:46:08 IST">
          <reporter-output>
          </reporter-output>
        </test-method> <!-- createData -->
        <test-method status="PASS" signature="dataForUpdateExisitingRecords()[pri:0, instance:com.API_Testing.TestScripts.TC_03_PUTRequest@bd8db5a]" name="dataForUpdateExisitingRecords" is-config="true" duration-ms="1" started-at="2020-05-06T21:46:08 IST" finished-at="2020-05-06T21:46:08 IST">
          <reporter-output>
          </reporter-output>
        </test-method> <!-- dataForUpdateExisitingRecords -->
        <test-method status="PASS" signature="jsonBody()[pri:0, instance:com.API_Testing.TestScripts.TC_03_PUTRequest@bd8db5a]" name="jsonBody" is-config="true" duration-ms="0" started-at="2020-05-06T21:46:08 IST" finished-at="2020-05-06T21:46:08 IST">
          <reporter-output>
          </reporter-output>
        </test-method> <!-- jsonBody -->
        <test-method status="PASS" signature="getIDData()[pri:0, instance:com.API_Testing.TestScripts.TC_03_PUTRequest@bd8db5a]" name="getIDData" duration-ms="30" started-at="2020-05-06T21:46:08 IST" finished-at="2020-05-06T21:46:08 IST">
          <reporter-output>
          </reporter-output>
        </test-method> <!-- getIDData -->
        <test-method status="PASS" signature="jsonBody()[pri:0, instance:com.API_Testing.TestScripts.TC_03_PUTRequest@bd8db5a]" name="jsonBody" is-config="true" duration-ms="1" started-at="2020-05-06T21:46:08 IST" finished-at="2020-05-06T21:46:08 IST">
          <reporter-output>
          </reporter-output>
        </test-method> <!-- jsonBody -->
        <test-method status="PASS" signature="updateRecord()[pri:0, instance:com.API_Testing.TestScripts.TC_03_PUTRequest@bd8db5a]" name="updateRecord" duration-ms="37" started-at="2020-05-06T21:46:08 IST" finished-at="2020-05-06T21:46:08 IST">
          <reporter-output>
          </reporter-output>
        </test-method> <!-- updateRecord -->
        <test-method status="PASS" signature="dataForUpdateExisitingRecords()[pri:0, instance:com.API_Testing.TestScripts.TC_03_PUTRequest@bd8db5a]" name="dataForUpdateExisitingRecords" is-config="true" duration-ms="0" started-at="2020-05-06T21:46:08 IST" finished-at="2020-05-06T21:46:08 IST">
          <reporter-output>
          </reporter-output>
        </test-method> <!-- dataForUpdateExisitingRecords -->
      </class> <!-- com.API_Testing.TestScripts.TC_03_PUTRequest -->
      <class name="com.API_Testing.TestScripts.TC_07_ReplaceDynamicjSonVarialbles">
        <test-method status="PASS" signature="replaceVarialbes()[pri:0, instance:com.API_Testing.TestScripts.TC_07_ReplaceDynamicjSonVarialbles@69a3d1d]" name="replaceVarialbes" duration-ms="14022" started-at="2020-05-06T21:46:08 IST" finished-at="2020-05-06T21:46:22 IST">
          <reporter-output>
          </reporter-output>
        </test-method> <!-- replaceVarialbes -->
      </class> <!-- com.API_Testing.TestScripts.TC_07_ReplaceDynamicjSonVarialbles -->
      <class name="com.API_Testing.TestScripts.TC_02_GetPerticulerIddata">
        <test-method status="PASS" signature="jsonBody()[pri:0, instance:com.API_Testing.TestScripts.TC_02_GetPerticulerIddata@78e67e0a]" name="jsonBody" is-config="true" duration-ms="0" started-at="2020-05-06T21:46:08 IST" finished-at="2020-05-06T21:46:08 IST">
          <reporter-output>
          </reporter-output>
        </test-method> <!-- jsonBody -->
        <test-method status="PASS" signature="createData()[pri:0, instance:com.API_Testing.TestScripts.TC_02_GetPerticulerIddata@78e67e0a]" name="createData" duration-ms="59" started-at="2020-05-06T21:46:08 IST" finished-at="2020-05-06T21:46:08 IST">
          <reporter-output>
          </reporter-output>
        </test-method> <!-- createData -->
        <test-method status="PASS" signature="jsonBody()[pri:0, instance:com.API_Testing.TestScripts.TC_02_GetPerticulerIddata@78e67e0a]" name="jsonBody" is-config="true" duration-ms="1" started-at="2020-05-06T21:46:08 IST" finished-at="2020-05-06T21:46:08 IST">
          <reporter-output>
          </reporter-output>
        </test-method> <!-- jsonBody -->
        <test-method status="PASS" signature="getIDData()[pri:0, instance:com.API_Testing.TestScripts.TC_02_GetPerticulerIddata@78e67e0a]" name="getIDData" duration-ms="81" started-at="2020-05-06T21:46:08 IST" finished-at="2020-05-06T21:46:08 IST">
          <reporter-output>
          </reporter-output>
        </test-method> <!-- getIDData -->
      </class> <!-- com.API_Testing.TestScripts.TC_02_GetPerticulerIddata -->
      <class name="com.API_Testing.TestScripts.TC_06_GetALLData">
        <test-method status="PASS" signature="getAllRecords()[pri:0, instance:com.API_Testing.TestScripts.TC_06_GetALLData@4b553d26]" name="getAllRecords" duration-ms="49" started-at="2020-05-06T21:46:08 IST" finished-at="2020-05-06T21:46:08 IST">
          <reporter-output>
          </reporter-output>
        </test-method> <!-- getAllRecords -->
      </class> <!-- com.API_Testing.TestScripts.TC_06_GetALLData -->
      <class name="com.API_Testing.TestScripts.TC_12_CheckGitHubServer">
        <test-method status="PASS" signature="dataForGenerate()[pri:0, instance:com.API_Testing.TestScripts.TC_12_CheckGitHubServer@2a742aa2]" name="dataForGenerate" is-config="true" duration-ms="1" started-at="2020-05-06T21:46:22 IST" finished-at="2020-05-06T21:46:22 IST">
          <reporter-output>
          </reporter-output>
        </test-method> <!-- dataForGenerate -->
        <test-method status="PASS" signature="generateRecordOnGitServer()[pri:0, instance:com.API_Testing.TestScripts.TC_12_CheckGitHubServer@2a742aa2]" name="generateRecordOnGitServer" duration-ms="30033" started-at="2020-05-06T21:46:22 IST" finished-at="2020-05-06T21:46:52 IST">
          <reporter-output>
          </reporter-output>
        </test-method> <!-- generateRecordOnGitServer -->
      </class> <!-- com.API_Testing.TestScripts.TC_12_CheckGitHubServer -->
      <class name="com.API_Testing.TestScripts.TC_08_GetDatabyKey">
        <test-method status="PASS" signature="fetchValuedata()[pri:0, instance:com.API_Testing.TestScripts.TC_08_GetDatabyKey@86be70a]" name="fetchValuedata" duration-ms="3" started-at="2020-05-06T21:46:22 IST" finished-at="2020-05-06T21:46:22 IST">
          <reporter-output>
          </reporter-output>
        </test-method> <!-- fetchValuedata -->
      </class> <!-- com.API_Testing.TestScripts.TC_08_GetDatabyKey -->
      <class name="com.API_Testing.TestScripts.TC_11_AddValueInExsitingData">
        <test-method status="PASS" signature="addValueExsitingData()[pri:0, instance:com.API_Testing.TestScripts.TC_11_AddValueInExsitingData@7d70d1b1]" name="addValueExsitingData" duration-ms="4" started-at="2020-05-06T21:46:22 IST" finished-at="2020-05-06T21:46:22 IST">
          <reporter-output>
          </reporter-output>
        </test-method> <!-- addValueExsitingData -->
      </class> <!-- com.API_Testing.TestScripts.TC_11_AddValueInExsitingData -->
      <class name="com.API_Testing.TestScripts.TC_01_PostMethods">
        <test-method status="PASS" signature="jsonBody()[pri:0, instance:com.API_Testing.TestScripts.TC_01_PostMethods@3043fe0e]" name="jsonBody" is-config="true" duration-ms="11" started-at="2020-05-06T21:46:05 IST" finished-at="2020-05-06T21:46:05 IST">
          <reporter-output>
          </reporter-output>
        </test-method> <!-- jsonBody -->
        <test-method status="PASS" signature="createData()[pri:0, instance:com.API_Testing.TestScripts.TC_01_PostMethods@3043fe0e]" name="createData" duration-ms="2937" started-at="2020-05-06T21:46:05 IST" finished-at="2020-05-06T21:46:08 IST">
          <reporter-output>
          </reporter-output>
        </test-method> <!-- createData -->
      </class> <!-- com.API_Testing.TestScripts.TC_01_PostMethods -->
      <class name="com.API_Testing.TestScripts.TC_10_PostDataUsingPojo">
        <test-method status="PASS" signature="createPojoBody()[pri:0, instance:com.API_Testing.TestScripts.TC_10_PostDataUsingPojo@2a556333]" name="createPojoBody" is-config="true" duration-ms="1" started-at="2020-05-06T21:46:22 IST" finished-at="2020-05-06T21:46:22 IST">
          <reporter-output>
          </reporter-output>
        </test-method> <!-- createPojoBody -->
        <test-method status="PASS" signature="pojoPostTest()[pri:0, instance:com.API_Testing.TestScripts.TC_10_PostDataUsingPojo@2a556333]" name="pojoPostTest" duration-ms="22" started-at="2020-05-06T21:46:22 IST" finished-at="2020-05-06T21:46:22 IST">
          <reporter-output>
          </reporter-output>
        </test-method> <!-- pojoPostTest -->
      </class> <!-- com.API_Testing.TestScripts.TC_10_PostDataUsingPojo -->
      <class name="com.API_Testing.TestScripts.TC_09CompareJSonTwoFile">
        <test-method status="PASS" signature="comparetoJson()[pri:0, instance:com.API_Testing.TestScripts.TC_09CompareJSonTwoFile@480bdb19]" name="comparetoJson" duration-ms="10" started-at="2020-05-06T21:46:22 IST" finished-at="2020-05-06T21:46:22 IST">
          <reporter-output>
          </reporter-output>
        </test-method> <!-- comparetoJson -->
      </class> <!-- com.API_Testing.TestScripts.TC_09CompareJSonTwoFile -->
      <class name="com.API_Testing.TestScripts.TC_04_PatchRequest">
        <test-method status="PASS" signature="jsonBody()[pri:0, instance:com.API_Testing.TestScripts.TC_04_PatchRequest@2f943d71]" name="jsonBody" is-config="true" duration-ms="0" started-at="2020-05-06T21:46:08 IST" finished-at="2020-05-06T21:46:08 IST">
          <reporter-output>
          </reporter-output>
        </test-method> <!-- jsonBody -->
        <test-method status="PASS" signature="dataForUpdateExisitingRecords()[pri:0, instance:com.API_Testing.TestScripts.TC_04_PatchRequest@2f943d71]" name="dataForUpdateExisitingRecords" is-config="true" duration-ms="1" started-at="2020-05-06T21:46:08 IST" finished-at="2020-05-06T21:46:08 IST">
          <reporter-output>
          </reporter-output>
        </test-method> <!-- dataForUpdateExisitingRecords -->
        <test-method status="PASS" signature="dataForUpdate()[pri:0, instance:com.API_Testing.TestScripts.TC_04_PatchRequest@2f943d71]" name="dataForUpdate" is-config="true" duration-ms="1" started-at="2020-05-06T21:46:08 IST" finished-at="2020-05-06T21:46:08 IST">
          <reporter-output>
          </reporter-output>
        </test-method> <!-- dataForUpdate -->
        <test-method status="PASS" signature="createData()[pri:0, instance:com.API_Testing.TestScripts.TC_04_PatchRequest@2f943d71]" name="createData" duration-ms="58" started-at="2020-05-06T21:46:08 IST" finished-at="2020-05-06T21:46:08 IST">
          <reporter-output>
          </reporter-output>
        </test-method> <!-- createData -->
        <test-method status="PASS" signature="jsonBody()[pri:0, instance:com.API_Testing.TestScripts.TC_04_PatchRequest@2f943d71]" name="jsonBody" is-config="true" duration-ms="2" started-at="2020-05-06T21:46:08 IST" finished-at="2020-05-06T21:46:08 IST">
          <reporter-output>
          </reporter-output>
        </test-method> <!-- jsonBody -->
        <test-method status="PASS" signature="dataForUpdateExisitingRecords()[pri:0, instance:com.API_Testing.TestScripts.TC_04_PatchRequest@2f943d71]" name="dataForUpdateExisitingRecords" is-config="true" duration-ms="1" started-at="2020-05-06T21:46:08 IST" finished-at="2020-05-06T21:46:08 IST">
          <reporter-output>
          </reporter-output>
        </test-method> <!-- dataForUpdateExisitingRecords -->
        <test-method status="PASS" signature="dataForUpdate()[pri:0, instance:com.API_Testing.TestScripts.TC_04_PatchRequest@2f943d71]" name="dataForUpdate" is-config="true" duration-ms="0" started-at="2020-05-06T21:46:08 IST" finished-at="2020-05-06T21:46:08 IST">
          <reporter-output>
          </reporter-output>
        </test-method> <!-- dataForUpdate -->
        <test-method status="PASS" signature="getIDData()[pri:0, instance:com.API_Testing.TestScripts.TC_04_PatchRequest@2f943d71]" name="getIDData" duration-ms="30" started-at="2020-05-06T21:46:08 IST" finished-at="2020-05-06T21:46:08 IST">
          <reporter-output>
          </reporter-output>
        </test-method> <!-- getIDData -->
        <test-method status="PASS" signature="dataForUpdateExisitingRecords()[pri:0, instance:com.API_Testing.TestScripts.TC_04_PatchRequest@2f943d71]" name="dataForUpdateExisitingRecords" is-config="true" duration-ms="1" started-at="2020-05-06T21:46:08 IST" finished-at="2020-05-06T21:46:08 IST">
          <reporter-output>
          </reporter-output>
        </test-method> <!-- dataForUpdateExisitingRecords -->
        <test-method status="PASS" signature="jsonBody()[pri:0, instance:com.API_Testing.TestScripts.TC_04_PatchRequest@2f943d71]" name="jsonBody" is-config="true" duration-ms="0" started-at="2020-05-06T21:46:08 IST" finished-at="2020-05-06T21:46:08 IST">
          <reporter-output>
          </reporter-output>
        </test-method> <!-- jsonBody -->
        <test-method status="PASS" signature="dataForUpdate()[pri:0, instance:com.API_Testing.TestScripts.TC_04_PatchRequest@2f943d71]" name="dataForUpdate" is-config="true" duration-ms="0" started-at="2020-05-06T21:46:08 IST" finished-at="2020-05-06T21:46:08 IST">
          <reporter-output>
          </reporter-output>
        </test-method> <!-- dataForUpdate -->
        <test-method status="PASS" signature="updateRecord()[pri:0, instance:com.API_Testing.TestScripts.TC_04_PatchRequest@2f943d71]" name="updateRecord" duration-ms="23" started-at="2020-05-06T21:46:08 IST" finished-at="2020-05-06T21:46:08 IST">
          <reporter-output>
          </reporter-output>
        </test-method> <!-- updateRecord -->
        <test-method status="PASS" signature="jsonBody()[pri:0, instance:com.API_Testing.TestScripts.TC_04_PatchRequest@2f943d71]" name="jsonBody" is-config="true" duration-ms="0" started-at="2020-05-06T21:46:08 IST" finished-at="2020-05-06T21:46:08 IST">
          <reporter-output>
          </reporter-output>
        </test-method> <!-- jsonBody -->
        <test-method status="PASS" signature="dataForUpdateExisitingRecords()[pri:0, instance:com.API_Testing.TestScripts.TC_04_PatchRequest@2f943d71]" name="dataForUpdateExisitingRecords" is-config="true" duration-ms="1" started-at="2020-05-06T21:46:08 IST" finished-at="2020-05-06T21:46:08 IST">
          <reporter-output>
          </reporter-output>
        </test-method> <!-- dataForUpdateExisitingRecords -->
        <test-method status="PASS" signature="dataForUpdate()[pri:0, instance:com.API_Testing.TestScripts.TC_04_PatchRequest@2f943d71]" name="dataForUpdate" is-config="true" duration-ms="0" started-at="2020-05-06T21:46:08 IST" finished-at="2020-05-06T21:46:08 IST">
          <reporter-output>
          </reporter-output>
        </test-method> <!-- dataForUpdate -->
        <test-method status="PASS" signature="updateSpecificData()[pri:0, instance:com.API_Testing.TestScripts.TC_04_PatchRequest@2f943d71]" name="updateSpecificData" duration-ms="24" started-at="2020-05-06T21:46:08 IST" finished-at="2020-05-06T21:46:08 IST">
          <reporter-output>
          </reporter-output>
        </test-method> <!-- updateSpecificData -->
      </class> <!-- com.API_Testing.TestScripts.TC_04_PatchRequest -->
      <class name="com.API_Testing.TestScripts.TC_05_DeleteRequestData">
        <test-method status="PASS" signature="dataForUpdateExisitingRecords()[pri:0, instance:com.API_Testing.TestScripts.TC_05_DeleteRequestData@80503]" name="dataForUpdateExisitingRecords" is-config="true" duration-ms="0" started-at="2020-05-06T21:46:08 IST" finished-at="2020-05-06T21:46:08 IST">
          <reporter-output>
          </reporter-output>
        </test-method> <!-- dataForUpdateExisitingRecords -->
        <test-method status="PASS" signature="dataForUpdate()[pri:0, instance:com.API_Testing.TestScripts.TC_05_DeleteRequestData@80503]" name="dataForUpdate" is-config="true" duration-ms="0" started-at="2020-05-06T21:46:08 IST" finished-at="2020-05-06T21:46:08 IST">
          <reporter-output>
          </reporter-output>
        </test-method> <!-- dataForUpdate -->
        <test-method status="PASS" signature="jsonBody()[pri:0, instance:com.API_Testing.TestScripts.TC_05_DeleteRequestData@80503]" name="jsonBody" is-config="true" duration-ms="0" started-at="2020-05-06T21:46:08 IST" finished-at="2020-05-06T21:46:08 IST">
          <reporter-output>
          </reporter-output>
        </test-method> <!-- jsonBody -->
        <test-method status="PASS" signature="createData()[pri:0, instance:com.API_Testing.TestScripts.TC_05_DeleteRequestData@80503]" name="createData" duration-ms="40" started-at="2020-05-06T21:46:08 IST" finished-at="2020-05-06T21:46:08 IST">
          <reporter-output>
          </reporter-output>
        </test-method> <!-- createData -->
        <test-method status="PASS" signature="jsonBody()[pri:0, instance:com.API_Testing.TestScripts.TC_05_DeleteRequestData@80503]" name="jsonBody" is-config="true" duration-ms="0" started-at="2020-05-06T21:46:08 IST" finished-at="2020-05-06T21:46:08 IST">
          <reporter-output>
          </reporter-output>
        </test-method> <!-- jsonBody -->
        <test-method status="PASS" signature="dataForUpdateExisitingRecords()[pri:0, instance:com.API_Testing.TestScripts.TC_05_DeleteRequestData@80503]" name="dataForUpdateExisitingRecords" is-config="true" duration-ms="1" started-at="2020-05-06T21:46:08 IST" finished-at="2020-05-06T21:46:08 IST">
          <reporter-output>
          </reporter-output>
        </test-method> <!-- dataForUpdateExisitingRecords -->
        <test-method status="PASS" signature="dataForUpdate()[pri:0, instance:com.API_Testing.TestScripts.TC_05_DeleteRequestData@80503]" name="dataForUpdate" is-config="true" duration-ms="0" started-at="2020-05-06T21:46:08 IST" finished-at="2020-05-06T21:46:08 IST">
          <reporter-output>
          </reporter-output>
        </test-method> <!-- dataForUpdate -->
        <test-method status="PASS" signature="getIDData()[pri:0, instance:com.API_Testing.TestScripts.TC_05_DeleteRequestData@80503]" name="getIDData" duration-ms="25" started-at="2020-05-06T21:46:08 IST" finished-at="2020-05-06T21:46:08 IST">
          <reporter-output>
          </reporter-output>
        </test-method> <!-- getIDData -->
        <test-method status="PASS" signature="dataForUpdateExisitingRecords()[pri:0, instance:com.API_Testing.TestScripts.TC_05_DeleteRequestData@80503]" name="dataForUpdateExisitingRecords" is-config="true" duration-ms="1" started-at="2020-05-06T21:46:08 IST" finished-at="2020-05-06T21:46:08 IST">
          <reporter-output>
          </reporter-output>
        </test-method> <!-- dataForUpdateExisitingRecords -->
        <test-method status="PASS" signature="jsonBody()[pri:0, instance:com.API_Testing.TestScripts.TC_05_DeleteRequestData@80503]" name="jsonBody" is-config="true" duration-ms="0" started-at="2020-05-06T21:46:08 IST" finished-at="2020-05-06T21:46:08 IST">
          <reporter-output>
          </reporter-output>
        </test-method> <!-- jsonBody -->
        <test-method status="PASS" signature="dataForUpdate()[pri:0, instance:com.API_Testing.TestScripts.TC_05_DeleteRequestData@80503]" name="dataForUpdate" is-config="true" duration-ms="0" started-at="2020-05-06T21:46:08 IST" finished-at="2020-05-06T21:46:08 IST">
          <reporter-output>
          </reporter-output>
        </test-method> <!-- dataForUpdate -->
        <test-method status="PASS" signature="updateRecord()[pri:0, instance:com.API_Testing.TestScripts.TC_05_DeleteRequestData@80503]" name="updateRecord" duration-ms="22" started-at="2020-05-06T21:46:08 IST" finished-at="2020-05-06T21:46:08 IST">
          <reporter-output>
          </reporter-output>
        </test-method> <!-- updateRecord -->
        <test-method status="PASS" signature="jsonBody()[pri:0, instance:com.API_Testing.TestScripts.TC_05_DeleteRequestData@80503]" name="jsonBody" is-config="true" duration-ms="1" started-at="2020-05-06T21:46:08 IST" finished-at="2020-05-06T21:46:08 IST">
          <reporter-output>
          </reporter-output>
        </test-method> <!-- jsonBody -->
        <test-method status="PASS" signature="dataForUpdateExisitingRecords()[pri:0, instance:com.API_Testing.TestScripts.TC_05_DeleteRequestData@80503]" name="dataForUpdateExisitingRecords" is-config="true" duration-ms="0" started-at="2020-05-06T21:46:08 IST" finished-at="2020-05-06T21:46:08 IST">
          <reporter-output>
          </reporter-output>
        </test-method> <!-- dataForUpdateExisitingRecords -->
        <test-method status="PASS" signature="dataForUpdate()[pri:0, instance:com.API_Testing.TestScripts.TC_05_DeleteRequestData@80503]" name="dataForUpdate" is-config="true" duration-ms="1" started-at="2020-05-06T21:46:08 IST" finished-at="2020-05-06T21:46:08 IST">
          <reporter-output>
          </reporter-output>
        </test-method> <!-- dataForUpdate -->
        <test-method status="PASS" signature="updateSpecificData()[pri:0, instance:com.API_Testing.TestScripts.TC_05_DeleteRequestData@80503]" name="updateSpecificData" duration-ms="23" started-at="2020-05-06T21:46:08 IST" finished-at="2020-05-06T21:46:08 IST">
          <reporter-output>
          </reporter-output>
        </test-method> <!-- updateSpecificData -->
        <test-method status="PASS" signature="jsonBody()[pri:0, instance:com.API_Testing.TestScripts.TC_05_DeleteRequestData@80503]" name="jsonBody" is-config="true" duration-ms="0" started-at="2020-05-06T21:46:08 IST" finished-at="2020-05-06T21:46:08 IST">
          <reporter-output>
          </reporter-output>
        </test-method> <!-- jsonBody -->
        <test-method status="PASS" signature="dataForUpdateExisitingRecords()[pri:0, instance:com.API_Testing.TestScripts.TC_05_DeleteRequestData@80503]" name="dataForUpdateExisitingRecords" is-config="true" duration-ms="1" started-at="2020-05-06T21:46:08 IST" finished-at="2020-05-06T21:46:08 IST">
          <reporter-output>
          </reporter-output>
        </test-method> <!-- dataForUpdateExisitingRecords -->
        <test-method status="PASS" signature="dataForUpdate()[pri:0, instance:com.API_Testing.TestScripts.TC_05_DeleteRequestData@80503]" name="dataForUpdate" is-config="true" duration-ms="0" started-at="2020-05-06T21:46:08 IST" finished-at="2020-05-06T21:46:08 IST">
          <reporter-output>
          </reporter-output>
        </test-method> <!-- dataForUpdate -->
        <test-method status="PASS" signature="deleteData()[pri:0, instance:com.API_Testing.TestScripts.TC_05_DeleteRequestData@80503]" name="deleteData" duration-ms="35" started-at="2020-05-06T21:46:08 IST" finished-at="2020-05-06T21:46:08 IST">
          <reporter-output>
          </reporter-output>
        </test-method> <!-- deleteData -->
      </class> <!-- com.API_Testing.TestScripts.TC_05_DeleteRequestData -->
    </test> <!-- Test -->
  </suite> <!-- Suite -->
</testng-results>
