<?xml version="1.0" encoding="UTF-8"?>
<testng-results ignored="0" total="1" passed="1" failed="0" skipped="0">
  <reporter-output>
  </reporter-output>
  <suite started-at="2019-10-01T21:03:04Z" name="Default suite" finished-at="2019-10-01T21:03:06Z" duration-ms="1985">
    <groups>
    </groups>
    <test started-at="2019-10-01T21:03:04Z" name="Default test" finished-at="2019-10-01T21:03:06Z" duration-ms="1985">
      <class name="com.API_Testing.TestScripts.TC_03_DeleteRequestData">
        <test-method signature="deleteData()[pri:0, instance:com.API_Testing.TestScripts.TC_03_DeleteRequestData@574b560f]" started-at="2019-10-01T21:03:04Z" name="deleteData" finished-at="2019-10-01T21:03:06Z" duration-ms="1942" status="PASS">
          <reporter-output>
          </reporter-output>
        </test-method> <!-- deleteData -->
      </class> <!-- com.API_Testing.TestScripts.TC_03_DeleteRequestData -->
    </test> <!-- Default test -->
  </suite> <!-- Default suite -->
</testng-results>
