<?xml version="1.0" encoding="UTF-8"?>
<testng-results ignored="0" total="3" passed="3" failed="0" skipped="0">
  <reporter-output>
  </reporter-output>
  <suite started-at="2019-10-01T21:10:13Z" name="Suite" finished-at="2019-10-01T21:10:15Z" duration-ms="2548">
    <groups>
    </groups>
    <test started-at="2019-10-01T21:10:13Z" name="Test" finished-at="2019-10-01T21:10:15Z" duration-ms="2548">
      <class name="com.API_Testing.TestScripts.TC_02_GetRequest">
        <test-method signature="getData()[pri:0, instance:com.API_Testing.TestScripts.TC_02_GetRequest@69fb6037]" started-at="2019-10-01T21:10:13Z" name="getData" finished-at="2019-10-01T21:10:15Z" duration-ms="2392" status="PASS">
          <reporter-output>
          </reporter-output>
        </test-method> <!-- getData -->
      </class> <!-- com.API_Testing.TestScripts.TC_02_GetRequest -->
      <class name="com.API_Testing.TestScripts.TC_01_PostRequest">
        <test-method signature="createData()[pri:0, instance:com.API_Testing.TestScripts.TC_01_PostRequest@36d585c]" started-at="2019-10-01T21:10:15Z" name="createData" finished-at="2019-10-01T21:10:15Z" duration-ms="74" status="PASS">
          <reporter-output>
          </reporter-output>
        </test-method> <!-- createData -->
      </class> <!-- com.API_Testing.TestScripts.TC_01_PostRequest -->
      <class name="com.API_Testing.TestScripts.TC_03_DeleteRequestData">
        <test-method signature="deleteData()[pri:0, instance:com.API_Testing.TestScripts.TC_03_DeleteRequestData@87a85e1]" started-at="2019-10-01T21:10:15Z" name="deleteData" finished-at="2019-10-01T21:10:15Z" duration-ms="31" status="PASS">
          <reporter-output>
          </reporter-output>
        </test-method> <!-- deleteData -->
      </class> <!-- com.API_Testing.TestScripts.TC_03_DeleteRequestData -->
    </test> <!-- Test -->
  </suite> <!-- Suite -->
</testng-results>
