<?xml version="1.0" encoding="UTF-8"?>
<testng-results skipped="0" failed="0" ignored="0" total="2" passed="2">
  <reporter-output>
  </reporter-output>
  <suite name="Default suite" duration-ms="3159" started-at="2020-05-05T18:00:01 IST" finished-at="2020-05-05T18:00:04 IST">
    <groups>
    </groups>
    <test name="Default test" duration-ms="3159" started-at="2020-05-05T18:00:01 IST" finished-at="2020-05-05T18:00:04 IST">
      <class name="com.API_Testing.TestScripts.TC_08_PatchRequest">
        <test-method status="PASS" signature="createData()[pri:0, instance:com.API_Testing.TestScripts.TC_08_PatchRequest@6acdbdf5]" name="createData" duration-ms="3015" started-at="2020-05-05T18:00:01 IST" finished-at="2020-05-05T18:00:04 IST">
          <reporter-output>
          </reporter-output>
        </test-method> <!-- createData -->
        <test-method status="PASS" signature="updateDatausingPatch()[pri:0, instance:com.API_Testing.TestScripts.TC_08_PatchRequest@6acdbdf5]" name="updateDatausingPatch" duration-ms="63" started-at="2020-05-05T18:00:04 IST" finished-at="2020-05-05T18:00:04 IST">
          <reporter-output>
          </reporter-output>
        </test-method> <!-- updateDatausingPatch -->
      </class> <!-- com.API_Testing.TestScripts.TC_08_PatchRequest -->
    </test> <!-- Default test -->
  </suite> <!-- Default suite -->
</testng-results>
