<?xml version="1.0" encoding="UTF-8"?>
<testng-results skipped="0" failed="0" ignored="0" total="1" passed="1">
  <reporter-output>
  </reporter-output>
  <suite name="Default suite" duration-ms="30071" started-at="2020-05-05T20:39:18 IST" finished-at="2020-05-05T20:39:48 IST">
    <groups>
    </groups>
    <test name="Default test" duration-ms="30071" started-at="2020-05-05T20:39:18 IST" finished-at="2020-05-05T20:39:48 IST">
      <class name="com.API_Testing.TestScripts.TC_07_ReplaceDynamicjSonVarialbles">
        <test-method status="PASS" signature="replaceVarialbes()[pri:0, instance:com.API_Testing.TestScripts.TC_07_ReplaceDynamicjSonVarialbles@15d0c81b]" name="replaceVarialbes" duration-ms="29952" started-at="2020-05-05T20:39:18 IST" finished-at="2020-05-05T20:39:48 IST">
          <reporter-output>
          </reporter-output>
        </test-method> <!-- replaceVarialbes -->
      </class> <!-- com.API_Testing.TestScripts.TC_07_ReplaceDynamicjSonVarialbles -->
    </test> <!-- Default test -->
  </suite> <!-- Default suite -->
</testng-results>
