<?xml version="1.0" encoding="UTF-8"?>
<testng-results skipped="0" failed="0" ignored="0" total="1" passed="1">
  <reporter-output>
  </reporter-output>
  <suite name="Default suite" duration-ms="2575" started-at="2020-05-06T19:45:20 IST" finished-at="2020-05-06T19:45:23 IST">
    <groups>
    </groups>
    <test name="Default test" duration-ms="2575" started-at="2020-05-06T19:45:20 IST" finished-at="2020-05-06T19:45:23 IST">
      <class name="com.API_Testing.TestScripts.TC_10_PostDataUsingPojo">
        <test-method status="PASS" signature="createPojoBody()[pri:0, instance:com.API_Testing.TestScripts.TC_10_PostDataUsingPojo@2d8f65a4]" name="createPojoBody" is-config="true" duration-ms="12" started-at="2020-05-06T19:45:20 IST" finished-at="2020-05-06T19:45:20 IST">
          <reporter-output>
          </reporter-output>
        </test-method> <!-- createPojoBody -->
        <test-method status="PASS" signature="pojoPostTest()[pri:0, instance:com.API_Testing.TestScripts.TC_10_PostDataUsingPojo@2d8f65a4]" name="pojoPostTest" duration-ms="2504" started-at="2020-05-06T19:45:20 IST" finished-at="2020-05-06T19:45:23 IST">
          <reporter-output>
          </reporter-output>
        </test-method> <!-- pojoPostTest -->
      </class> <!-- com.API_Testing.TestScripts.TC_10_PostDataUsingPojo -->
    </test> <!-- Default test -->
  </suite> <!-- Default suite -->
</testng-results>
