<?xml version="1.0" encoding="UTF-8"?>
<testng-results ignored="0" total="1" passed="1" failed="0" skipped="0">
  <reporter-output>
  </reporter-output>
  <suite started-at="2019-10-06T13:04:01Z" name="Default suite" finished-at="2019-10-06T13:04:04Z" duration-ms="2286">
    <groups>
    </groups>
    <test started-at="2019-10-06T13:04:01Z" name="Default test" finished-at="2019-10-06T13:04:04Z" duration-ms="2286">
      <class name="com.API_Testing.TestScripts.TC_03_PUTRequest">
        <test-method signature="updateRecord()[pri:0, instance:com.API_Testing.TestScripts.TC_03_PUTRequest@574b560f]" started-at="2019-10-06T13:04:01Z" name="updateRecord" finished-at="2019-10-06T13:04:04Z" duration-ms="2249" status="PASS">
          <reporter-output>
          </reporter-output>
        </test-method> <!-- updateRecord -->
      </class> <!-- com.API_Testing.TestScripts.TC_03_PUTRequest -->
    </test> <!-- Default test -->
  </suite> <!-- Default suite -->
</testng-results>
