<?xml version="1.0" encoding="UTF-8"?>
<!-- Generated by org.testng.reporters.JUnitXMLReporter -->
<testsuite hostname="Sumit" ignored="0" name="Test" tests="19" failures="0" timestamp="2020-05-08T17:35:24 IST" time="14.822" errors="0">
  <testcase name="createData" time="2.879" classname="com.API_Testing.TestCasesScripts.TC_01_PostMethods"/>
  <testcase name="createData" time="0.065" classname="com.API_Testing.TestCasesScripts.TC_01_PostMethods"/>
  <testcase name="getIDData" time="0.107" classname="com.API_Testing.TestCasesScripts.TC_02_GetPerticulerIddata"/>
  <testcase name="createData" time="0.054" classname="com.API_Testing.TestCasesScripts.TC_01_PostMethods"/>
  <testcase name="getIDData" time="0.037" classname="com.API_Testing.TestCasesScripts.TC_02_GetPerticulerIddata"/>
  <testcase name="updateRecord" time="0.037" classname="com.API_Testing.TestCasesScripts.TC_03_PUTRequest"/>
  <testcase name="updateSpecificData" time="0.023" classname="com.API_Testing.TestCasesScripts.TC_04_PatchRequest"/>
  <testcase name="createData" time="0.057" classname="com.API_Testing.TestCasesScripts.TC_01_PostMethods"/>
  <testcase name="getIDData" time="0.024" classname="com.API_Testing.TestCasesScripts.TC_02_GetPerticulerIddata"/>
  <testcase name="updateRecord" time="0.026" classname="com.API_Testing.TestCasesScripts.TC_03_PUTRequest"/>
  <testcase name="createData" time="0.042" classname="com.API_Testing.TestCasesScripts.TC_01_PostMethods"/>
  <testcase name="getIDData" time="0.021" classname="com.API_Testing.TestCasesScripts.TC_02_GetPerticulerIddata"/>
  <testcase name="updateRecord" time="0.021" classname="com.API_Testing.TestCasesScripts.TC_03_PUTRequest"/>
  <testcase name="updateSpecificData" time="0.027" classname="com.API_Testing.TestCasesScripts.TC_04_PatchRequest"/>
  <testcase name="deleteData" time="0.02" classname="com.API_Testing.TestCasesScripts.TC_05_DeleteRequestData"/>
  <testcase name="comparetoJson" time="0.013" classname="com.API_Testing.TestCasesScripts.TC_09CompareJSonTwoFile"/>
  <testcase name="fetchValuedata" time="0.004" classname="com.API_Testing.TestCasesScripts.TC_08_GetDatabyKey"/>
  <testcase name="getAllRecords" time="0.051" classname="com.API_Testing.TestCasesScripts.TC_06_GetALLData"/>
  <testcase name="replaceVarialbes" time="11.16" classname="com.API_Testing.TestCasesScripts.TC_07_ReplaceDynamicjSonVarialbles"/>
</testsuite> <!-- Test -->
