<?xml version="1.0" encoding="UTF-8"?>
<!-- Generated by org.testng.reporters.JUnitXMLReporter -->
<testsuite hostname="Sumit" ignored="0" name="Default test" tests="2" failures="0" timestamp="2020-05-31T20:05:22 IST" time="4.458" errors="0">
  <testcase name="createData" time="4.296" classname="com.API_Testing.TestCasesScripts.TC_01_PostMethods"/>
  <testcase name="getIDData" time="0.095" classname="com.API_Testing.TestCasesScripts.TC_02_GetPerticulerIddata"/>
</testsuite> <!-- Default test -->
