<?xml version="1.0" encoding="UTF-8"?>
<!-- Generated by org.testng.reporters.JUnitXMLReporter -->
<testsuite hostname="Sumit" ignored="0" name="Test" tests="18" failures="0" timestamp="2020-05-11T13:09:12 IST" time="4.406" errors="0">
  <testcase name="createData" time="3.048" classname="com.API_Testing.TestCasesScripts.TC_01_PostMethods"/>
  <testcase name="createData" time="0.087" classname="com.API_Testing.TestCasesScripts.TC_01_PostMethods"/>
  <testcase name="getIDData" time="0.151" classname="com.API_Testing.TestCasesScripts.TC_02_GetPerticulerIddata"/>
  <testcase name="createData" time="0.161" classname="com.API_Testing.TestCasesScripts.TC_01_PostMethods"/>
  <testcase name="getIDData" time="0.052" classname="com.API_Testing.TestCasesScripts.TC_02_GetPerticulerIddata"/>
  <testcase name="updateRecord" time="0.073" classname="com.API_Testing.TestCasesScripts.TC_03_PUTRequest"/>
  <testcase name="createData" time="0.127" classname="com.API_Testing.TestCasesScripts.TC_01_PostMethods"/>
  <testcase name="getIDData" time="0.044" classname="com.API_Testing.TestCasesScripts.TC_02_GetPerticulerIddata"/>
  <testcase name="updateRecord" time="0.029" classname="com.API_Testing.TestCasesScripts.TC_03_PUTRequest"/>
  <testcase name="updateSpecificData" time="0.031" classname="com.API_Testing.TestCasesScripts.TC_04_PatchRequest"/>
  <testcase name="createData" time="0.056" classname="com.API_Testing.TestCasesScripts.TC_01_PostMethods"/>
  <testcase name="getIDData" time="0.036" classname="com.API_Testing.TestCasesScripts.TC_02_GetPerticulerIddata"/>
  <testcase name="updateRecord" time="0.036" classname="com.API_Testing.TestCasesScripts.TC_03_PUTRequest"/>
  <testcase name="updateSpecificData" time="0.04" classname="com.API_Testing.TestCasesScripts.TC_04_PatchRequest"/>
  <testcase name="deleteData" time="0.059" classname="com.API_Testing.TestCasesScripts.TC_05_DeleteRequestData"/>
  <testcase name="comparetoJson" time="0.059" classname="com.API_Testing.TestCasesScripts.TC_08_CompareJSonTwoFile"/>
  <testcase name="getAllRecords" time="0.088" classname="com.API_Testing.TestCasesScripts.TC_06_GetALLData"/>
  <testcase name="fetchValuedata" time="0.034" classname="com.API_Testing.TestCasesScripts.TC_07_GetDatabyKey"/>
</testsuite> <!-- Test -->
