<?xml version="1.0" encoding="UTF-8"?>
<!-- Generated by org.testng.reporters.JUnitXMLReporter -->
<testsuite hostname="Sumit" ignored="0" name="Test" tests="18" failures="0" timestamp="2020-05-11T20:44:10 IST" time="4.384" errors="0">
  <testcase name="createData" time="3.305" classname="com.API_Testing.TestCasesScripts.TC_01_PostMethods"/>
  <testcase name="createData" time="0.092" classname="com.API_Testing.TestCasesScripts.TC_01_PostMethods"/>
  <testcase name="getIDData" time="0.127" classname="com.API_Testing.TestCasesScripts.TC_02_GetPerticulerIddata"/>
  <testcase name="createData" time="0.075" classname="com.API_Testing.TestCasesScripts.TC_01_PostMethods"/>
  <testcase name="getIDData" time="0.05" classname="com.API_Testing.TestCasesScripts.TC_02_GetPerticulerIddata"/>
  <testcase name="updateRecord" time="0.056" classname="com.API_Testing.TestCasesScripts.TC_03_PUTRequest"/>
  <testcase name="createData" time="0.051" classname="com.API_Testing.TestCasesScripts.TC_01_PostMethods"/>
  <testcase name="getIDData" time="0.041" classname="com.API_Testing.TestCasesScripts.TC_02_GetPerticulerIddata"/>
  <testcase name="updateRecord" time="0.034" classname="com.API_Testing.TestCasesScripts.TC_03_PUTRequest"/>
  <testcase name="updateSpecificData" time="0.034" classname="com.API_Testing.TestCasesScripts.TC_04_PatchRequest"/>
  <testcase name="createData" time="0.049" classname="com.API_Testing.TestCasesScripts.TC_01_PostMethods"/>
  <testcase name="getIDData" time="0.031" classname="com.API_Testing.TestCasesScripts.TC_02_GetPerticulerIddata"/>
  <testcase name="updateRecord" time="0.035" classname="com.API_Testing.TestCasesScripts.TC_03_PUTRequest"/>
  <testcase name="updateSpecificData" time="0.045" classname="com.API_Testing.TestCasesScripts.TC_04_PatchRequest"/>
  <testcase name="deleteData" time="0.048" classname="com.API_Testing.TestCasesScripts.TC_05_DeleteRequestData"/>
  <testcase name="comparetoJson" time="0.03" classname="com.API_Testing.TestCasesScripts.TC_08_CompareJSonTwoFile"/>
  <testcase name="getAllRecords" time="0.106" classname="com.API_Testing.TestCasesScripts.TC_06_GetALLData"/>
  <testcase name="fetchValuedata" time="0.009" classname="com.API_Testing.TestCasesScripts.TC_07_GetDatabyKey"/>
</testsuite> <!-- Test -->
